0 info it worked if it ends with ok
1 verbose cli [ '/usr/bin/nodejs', '/usr/bin/npm', 'start' ]
2 info using npm@3.3.12
3 info using node@v5.1.1
4 verbose run-script [ 'prestart', 'start', 'poststart' ]
5 info lifecycle custom-form-react@1.0.0~prestart: custom-form-react@1.0.0
6 silly lifecycle custom-form-react@1.0.0~prestart: no script for prestart, continuing
7 info lifecycle custom-form-react@1.0.0~start: custom-form-react@1.0.0
8 verbose lifecycle custom-form-react@1.0.0~start: unsafe-perm in lifecycle true
9 verbose lifecycle custom-form-react@1.0.0~start: PATH: /usr/lib/node_modules/npm/bin/node-gyp-bin:/home/sean/custom-form-react/node_modules/.bin:/usr/local/heroku/bin:/home/sean/.rvm/gems/ruby-2.2.2/bin:/home/sean/.rvm/gems/ruby-2.2.2@global/bin:/home/sean/.rvm/rubies/ruby-2.2.2/bin:/home/sean/bin:/usr/local/heroku/bin:/usr/local/sbin:/usr/local/bin:/usr/sbin:/usr/bin:/sbin:/bin:/usr/games:/usr/local/games:/home/sean/.rvm/bin:/home/sean/.rvm/bin:/home/sean/.rvm/bin
10 verbose lifecycle custom-form-react@1.0.0~start: CWD: /home/sean/custom-form-react
11 silly lifecycle custom-form-react@1.0.0~start: Args: [ '-c', 'webpack-dev-server' ]
12 silly lifecycle custom-form-react@1.0.0~start: Returned: code: 1  signal: null
13 info lifecycle custom-form-react@1.0.0~start: Failed to exec start script
14 verbose stack Error: custom-form-react@1.0.0 start: `webpack-dev-server`
14 verbose stack Exit status 1
14 verbose stack     at EventEmitter.<anonymous> (/usr/lib/node_modules/npm/lib/utils/lifecycle.js:232:16)
14 verbose stack     at emitTwo (events.js:87:13)
14 verbose stack     at EventEmitter.emit (events.js:172:7)
14 verbose stack     at ChildProcess.<anonymous> (/usr/lib/node_modules/npm/lib/utils/spawn.js:24:14)
14 verbose stack     at emitTwo (events.js:87:13)
14 verbose stack     at ChildProcess.emit (events.js:172:7)
14 verbose stack     at maybeClose (internal/child_process.js:818:16)
14 verbose stack     at Process.ChildProcess._handle.onexit (internal/child_process.js:211:5)
15 verbose pkgid custom-form-react@1.0.0
16 verbose cwd /home/sean/custom-form-react
17 error Linux 3.19.0-33-generic
18 error argv "/usr/bin/nodejs" "/usr/bin/npm" "start"
19 error node v5.1.1
20 error npm  v3.3.12
21 error code ELIFECYCLE
22 error custom-form-react@1.0.0 start: `webpack-dev-server`
22 error Exit status 1
23 error Failed at the custom-form-react@1.0.0 start script 'webpack-dev-server'.
23 error Make sure you have the latest version of node.js and npm installed.
23 error If you do, this is most likely a problem with the custom-form-react package,
23 error not with npm itself.
23 error Tell the author that this fails on your system:
23 error     webpack-dev-server
23 error You can get their info via:
23 error     npm owner ls custom-form-react
23 error There is likely additional logging output above.
24 verbose exit [ 1, true ]
